Determining if the pthread_create exist failed with the following output:
Change Dir: /home/betoio/Programacion/Workspace/UnNivelMas/Templarios/CppApplication_1/build/CMakeFiles/CMakeTmp

Run Build Command:"/usr/bin/gmake" "cmTC_b53ad/fast"
/usr/bin/gmake -f CMakeFiles/cmTC_b53ad.dir/build.make CMakeFiles/cmTC_b53ad.dir/build
gmake[1]: se entra en el directorio '/home/betoio/Programacion/Workspace/UnNivelMas/Templarios/CppApplication_1/build/CMakeFiles/CMakeTmp'
Building C object CMakeFiles/cmTC_b53ad.dir/CheckSymbolExists.c.o
/usr/bin/cc     -o CMakeFiles/cmTC_b53ad.dir/CheckSymbolExists.c.o   -c /home/betoio/Programacion/Workspace/UnNivelMas/Templarios/CppApplication_1/build/CMakeFiles/CMakeTmp/CheckSymbolExists.c
Linking C executable cmTC_b53ad
/usr/bin/cmake -E cmake_link_script CMakeFiles/cmTC_b53ad.dir/link.txt --verbose=1
/usr/bin/cc       CMakeFiles/cmTC_b53ad.dir/CheckSymbolExists.c.o  -o cmTC_b53ad -rdynamic 
CMakeFiles/cmTC_b53ad.dir/CheckSymbolExists.c.o: En la función `main':
CheckSymbolExists.c:(.text+0x16): referencia a `pthread_create' sin definir
collect2: error: ld devolvió el estado de salida 1
CMakeFiles/cmTC_b53ad.dir/build.make:97: fallo en las instrucciones para el objetivo 'cmTC_b53ad'
gmake[1]: *** [cmTC_b53ad] Error 1
gmake[1]: se sale del directorio '/home/betoio/Programacion/Workspace/UnNivelMas/Templarios/CppApplication_1/build/CMakeFiles/CMakeTmp'
Makefile:126: fallo en las instrucciones para el objetivo 'cmTC_b53ad/fast'
gmake: *** [cmTC_b53ad/fast] Error 2

File /home/betoio/Programacion/Workspace/UnNivelMas/Templarios/CppApplication_1/build/CMakeFiles/CMakeTmp/CheckSymbolExists.c:
/* */
#include <pthread.h>

int main(int argc, char** argv)
{
  (void)argv;
#ifndef pthread_create
  return ((int*)(&pthread_create))[argc];
#else
  (void)argc;
  return 0;
#endif
}

Determining if the function pthread_create exists in the pthreads failed with the following output:
Change Dir: /home/betoio/Programacion/Workspace/UnNivelMas/Templarios/CppApplication_1/build/CMakeFiles/CMakeTmp

Run Build Command:"/usr/bin/gmake" "cmTC_a7133/fast"
/usr/bin/gmake -f CMakeFiles/cmTC_a7133.dir/build.make CMakeFiles/cmTC_a7133.dir/build
gmake[1]: se entra en el directorio '/home/betoio/Programacion/Workspace/UnNivelMas/Templarios/CppApplication_1/build/CMakeFiles/CMakeTmp'
Building C object CMakeFiles/cmTC_a7133.dir/CheckFunctionExists.c.o
/usr/bin/cc    -DCHECK_FUNCTION_EXISTS=pthread_create   -o CMakeFiles/cmTC_a7133.dir/CheckFunctionExists.c.o   -c /usr/share/cmake/Modules/CheckFunctionExists.c
Linking C executable cmTC_a7133
/usr/bin/cmake -E cmake_link_script CMakeFiles/cmTC_a7133.dir/link.txt --verbose=1
/usr/bin/cc   -DCHECK_FUNCTION_EXISTS=pthread_create    CMakeFiles/cmTC_a7133.dir/CheckFunctionExists.c.o  -o cmTC_a7133 -rdynamic -lpthreads 
/usr/bin/ld: no se puede encontrar -lpthreads
collect2: error: ld devolvió el estado de salida 1
CMakeFiles/cmTC_a7133.dir/build.make:97: fallo en las instrucciones para el objetivo 'cmTC_a7133'
gmake[1]: *** [cmTC_a7133] Error 1
gmake[1]: se sale del directorio '/home/betoio/Programacion/Workspace/UnNivelMas/Templarios/CppApplication_1/build/CMakeFiles/CMakeTmp'
Makefile:126: fallo en las instrucciones para el objetivo 'cmTC_a7133/fast'
gmake: *** [cmTC_a7133/fast] Error 2


